[debug] [2021-11-16T18:25:02.239Z] ----------------------------------------------------------------------
[debug] [2021-11-16T18:25:02.241Z] Command:       /usr/local/Cellar/node/16.0.0/bin/node /usr/local/bin/firebase init
[debug] [2021-11-16T18:25:02.242Z] CLI Version:   9.10.0
[debug] [2021-11-16T18:25:02.242Z] Platform:      darwin
[debug] [2021-11-16T18:25:02.242Z] Node Version:  v16.0.0
[debug] [2021-11-16T18:25:02.244Z] Time:          Tue Nov 16 2021 13:25:02 GMT-0500 (Eastern Standard Time)
[debug] [2021-11-16T18:25:02.244Z] ----------------------------------------------------------------------
[debug] 
[debug] [2021-11-16T18:25:02.248Z] >>> [apiv2][query] GET https://firebase-public.firebaseio.com/cli.json [none]
[debug] [2021-11-16T18:25:02.278Z] > command requires scopes: ["email","openid","https://www.googleapis.com/auth/cloudplatformprojects.readonly","https://www.googleapis.com/auth/firebase","https://www.googleapis.com/auth/cloud-platform"]
[debug] [2021-11-16T18:25:02.278Z] > authorizing via signed-in user (charles.j.montoya@gmail.com)
[info] 
     ######## #### ########  ######## ########     ###     ######  ########
     ##        ##  ##     ## ##       ##     ##  ##   ##  ##       ##
     ######    ##  ########  ######   ########  #########  ######  ######
     ##        ##  ##    ##  ##       ##     ## ##     ##       ## ##
     ##       #### ##     ## ######## ########  ##     ##  ######  ########

You're about to initialize a Firebase project in this directory:

  /Users/charlie/Documents/SmartSeed/Reward-Club/reward-club

[debug] [2021-11-16T18:25:02.661Z] <<< [apiv2][status] GET https://firebase-public.firebaseio.com/cli.json 200
[debug] [2021-11-16T18:25:02.662Z] <<< [apiv2][body] GET https://firebase-public.firebaseio.com/cli.json {"cloudBuildErrorAfter":1594252800000,"cloudBuildWarnAfter":1590019200000,"defaultNode10After":1594252800000,"minVersion":"3.0.5","node8DeploysDisabledAfter":1613390400000,"node8RuntimeDisabledAfter":1615809600000,"node8WarnAfter":1600128000000}
[info] 
=== Project Setup
[info] 
[info] First, let's associate this project directory with a Firebase project.
[info] You can create multiple project aliases by running firebase use --add, 
[info] but for now we'll just set up a default project.
[info] 
[debug] [2021-11-16T18:25:38.788Z] > refreshing access token with scopes: []
[debug] [2021-11-16T18:25:38.789Z] >>> HTTP REQUEST POST https://www.googleapis.com/oauth2/v3/token  
 <request body omitted>
[debug] [2021-11-16T18:25:38.954Z] <<< HTTP RESPONSE 200 {"cache-control":"no-cache, no-store, max-age=0, must-revalidate","expires":"Mon, 01 Jan 1990 00:00:00 GMT","date":"Tue, 16 Nov 2021 18:25:39 GMT","pragma":"no-cache","content-type":"application/json; charset=utf-8","vary":"X-Origin, Referer, Origin,Accept-Encoding","server":"scaffolding on HTTPServer2","x-xss-protection":"0","x-frame-options":"SAMEORIGIN","x-content-type-options":"nosniff","alt-svc":"h3=\":443\"; ma=2592000,h3-29=\":443\"; ma=2592000,h3-Q050=\":443\"; ma=2592000,h3-Q046=\":443\"; ma=2592000,h3-Q043=\":443\"; ma=2592000,quic=\":443\"; ma=2592000; v=\"46,43\"","accept-ranges":"none","transfer-encoding":"chunked"}
[debug] [2021-11-16T18:25:38.984Z] >>> [apiv2][query] GET https://firebase.googleapis.com/v1beta1/projects pageSize=100
[debug] [2021-11-16T18:25:39.380Z] <<< [apiv2][status] GET https://firebase.googleapis.com/v1beta1/projects 200
[debug] [2021-11-16T18:25:39.380Z] <<< [apiv2][body] GET https://firebase.googleapis.com/v1beta1/projects [omitted]
[info] i  Using project socialiite-app (socialiite-app) 
[info] 
=== Hosting Setup
[info] 
[info] Your public directory is the folder (relative to your project directory) that
[info] will contain Hosting assets to be uploaded with firebase deploy. If you
[info] have a build process for your assets, use your build's output directory.
[info] 
[debug] [2021-11-16T18:27:17.761Z] >>> [apiv2][query] GET https://www.gstatic.com/firebasejs/releases.json [none]
[debug] [2021-11-16T18:27:17.860Z] <<< [apiv2][status] GET https://www.gstatic.com/firebasejs/releases.json 200
[debug] [2021-11-16T18:27:17.861Z] <<< [apiv2][body] GET https://www.gstatic.com/firebasejs/releases.json {"current":{"version":"9.4.1","browserURL":"https://www.gstatic.com/firebasejs/9.4.1/firebase.js","packageURL":"https://www.gstatic.com/firebasejs/9.4.1/firebase.tgz"},"live":{"version":"9.4","browserURL":"https://www.gstatic.com/firebasejs/live/9.4/firebase.js","packageURL":"https://www.gstatic.com/firebasejs/live/9.4/firebase.tgz"},"components":{"analytics":"https://www.gstatic.com/firebasejs/9.4.1/firebase-analytics.js","app":"https://www.gstatic.com/firebasejs/9.4.1/firebase-app.js","app-check":"https://www.gstatic.com/firebasejs/9.4.1/firebase-app-check.js","auth":"https://www.gstatic.com/firebasejs/9.4.1/firebase-auth.js","auth/cordova":"https://www.gstatic.com/firebasejs/9.4.1/firebase-auth/cordova.js","auth/react-native":"https://www.gstatic.com/firebasejs/9.4.1/firebase-auth/react-native.js","functions":"https://www.gstatic.com/firebasejs/9.4.1/firebase-functions.js","firestore":"https://www.gstatic.com/firebasejs/9.4.1/firebase-firestore.js","firestore/lite":"https://www.gstatic.com/firebasejs/9.4.1/firebase-firestore/lite.js","storage":"https://www.gstatic.com/firebasejs/9.4.1/firebase-storage.js","performance":"https://www.gstatic.com/firebasejs/9.4.1/firebase-performance.js","remote-config":"https://www.gstatic.com/firebasejs/9.4.1/firebase-remote-config.js","messaging":"https://www.gstatic.com/firebasejs/9.4.1/firebase-messaging.js","messaging/sw":"https://www.gstatic.com/firebasejs/9.4.1/firebase-messaging/sw.js","database":"https://www.gstatic.com/firebasejs/9.4.1/firebase-database.js","firestore.memory":"https://www.gstatic.com/firebasejs/9.4.1/firebase-firestore.memory.js"}}
[info] âœ”  Wrote build/index.html 
[info] 
[info] i  Detected a .git folder at /Users/charlie/Documents/SmartSeed/Reward-Club/reward-club 
[info] i  Authorizing with GitHub to upload your service account to a GitHub repository's secrets store. 
[info] 
[info] Visit this URL on this device to log in:
[info] https://github.com/login/oauth/authorize?client_id=89cf50f02ac6aaed3484&state=241919568&redirect_uri=http%3A%2F%2Flocalhost%3A9005&scope=read%3Auser%20repo%20public_repo
[info] 
[info] Waiting for authentication...
[debug] [2021-11-16T18:27:39.454Z] >>> HTTP REQUEST POST https://github.com/login/oauth/access_token  
 {"client_id":"89cf50f02ac6aaed3484","client_secret":"3330d14abc895d9a74d5f17cd7a00711fa2c5bf0","code":"e0a0b368178dd582f5a3","redirect_uri":"http://localhost:9005","state":"241919568"}
[debug] [2021-11-16T18:27:39.767Z] <<< HTTP RESPONSE 200 {"server":"GitHub.com","date":"Tue, 16 Nov 2021 18:27:39 GMT","content-type":"application/json; charset=utf-8","transfer-encoding":"chunked","vary":"X-PJAX, X-PJAX-Container, Accept-Encoding, Accept, X-Requested-With","permissions-policy":"interest-cohort=()","etag":"W/\"3e6e37b1030640bfa7f0a57d36d612bc\"","cache-control":"max-age=0, private, must-revalidate","strict-transport-security":"max-age=31536000; includeSubdomains; preload","x-frame-options":"deny","x-content-type-options":"nosniff","x-xss-protection":"0","referrer-policy":"origin-when-cross-origin, strict-origin-when-cross-origin","expect-ct":"max-age=2592000, report-uri=\"https://api.github.com/_private/browser/errors\"","content-security-policy":"default-src 'none'; base-uri 'self'; block-all-mixed-content; child-src github.com/assets-cdn/worker/ gist.github.com/assets-cdn/worker/; connect-src 'self' uploads.github.com objects-origin.githubusercontent.com www.githubstatus.com collector.githubapp.com api.github.com github-cloud.s3.amazonaws.com github-production-repository-file-5c1aeb.s3.amazonaws.com github-production-upload-manifest-file-7fdce7.s3.amazonaws.com github-production-user-asset-6210df.s3.amazonaws.com cdn.optimizely.com logx.optimizely.com/v1/events translator.github.com wss://alive.github.com; font-src github.githubassets.com; form-action 'self' github.com gist.github.com objects-origin.githubusercontent.com; frame-ancestors 'none'; frame-src render.githubusercontent.com viewscreen.githubusercontent.com notebooks.githubusercontent.com; img-src 'self' data: github.githubassets.com identicons.github.com collector.githubapp.com github-cloud.s3.amazonaws.com secured-user-images.githubusercontent.com/ *.githubusercontent.com; manifest-src 'self'; media-src github.com user-images.githubusercontent.com/; script-src github.githubassets.com; style-src 'unsafe-inline' github.githubassets.com; worker-src github.com/assets-cdn/worker/ gist.github.com/assets-cdn/worker/","x-github-request-id":"EB83:0D7D:3CB316:7D3218:6193F81B"}
[debug] [2021-11-16T18:27:39.778Z] >>> [apiv2][query] GET https://api.github.com/user [none]
[debug] [2021-11-16T18:27:39.954Z] <<< [apiv2][status] GET https://api.github.com/user 200
[debug] [2021-11-16T18:27:39.954Z] <<< [apiv2][body] GET https://api.github.com/user {"login":"cleph01","id":21251989,"node_id":"MDQ6VXNlcjIxMjUxOTg5","avatar_url":"https://avatars.githubusercontent.com/u/21251989?v=4","gravatar_id":"","url":"https://api.github.com/users/cleph01","html_url":"https://github.com/cleph01","followers_url":"https://api.github.com/users/cleph01/followers","following_url":"https://api.github.com/users/cleph01/following{/other_user}","gists_url":"https://api.github.com/users/cleph01/gists{/gist_id}","starred_url":"https://api.github.com/users/cleph01/starred{/owner}{/repo}","subscriptions_url":"https://api.github.com/users/cleph01/subscriptions","organizations_url":"https://api.github.com/users/cleph01/orgs","repos_url":"https://api.github.com/users/cleph01/repos","events_url":"https://api.github.com/users/cleph01/events{/privacy}","received_events_url":"https://api.github.com/users/cleph01/received_events","type":"User","site_admin":false,"name":"Charlie","company":null,"blog":"","location":"New York, NY","email":"charles.j.montoya@gmail.com","hireable":true,"bio":"Engineer, Advocate, Athlete ðŸ’ªðŸ½ ðŸ˜Ž ðŸ‘ðŸ½","twitter_username":null,"public_repos":102,"public_gists":0,"followers":4,"following":1,"created_at":"2016-08-26T00:46:40Z","updated_at":"2021-10-26T14:43:30Z","private_gists":0,"total_private_repos":0,"owned_private_repos":0,"disk_usage":44950,"collaborators":0,"two_factor_authentication":false,"plan":{"name":"pro","space":976562499,"collaborators":0,"private_repos":9999}}
[info] 
[info] âœ”  Success! Logged into GitHub as cleph01 
[info] 
